
> frontend@0.1.0 dev
> next dev

[baseline-browser-mapping] The data in this module is over two months old.  To ensure accurate Baseline data, please update: `npm i baseline-browser-mapping@latest -D`
 ⚠ Warning: Next.js inferred your workspace root, but it may not be correct.
 We detected multiple lockfiles and selected the directory of /Users/erkanuysal/package-lock.json as the root directory.
 To silence this warning, set `turbopack.root` in your Next.js config, or consider removing one of the lockfiles if it's not needed.
   See https://nextjs.org/docs/app/api-reference/config/next-config-js/turbopack#root-directory for more information.
 Detected additional lockfiles: 
   * /Users/erkanuysal/Desktop/subletting/frontend/package-lock.json

   ▲ Next.js 16.0.3 (Turbopack)
   - Local:         http://localhost:3000
   - Network:       http://127.94.0.1:3000
   - Environments: .env.local

 ✓ Starting...
Attention: Next.js now collects completely anonymous telemetry regarding usage.
This information is used to shape Next.js' roadmap and prioritize features.
You can learn more, including how to opt-out if you'd not like to participate in this anonymous program, by visiting the following URL:
https://nextjs.org/telemetry

 ✓ Ready in 6.4s
 ○ Compiling / ...
 GET / 200 in 8.9s (compile: 8.1s, render: 745ms)
 GET /search?duration=6+months 200 in 1517ms (compile: 1261ms, render: 256ms)
 GET /host 200 in 982ms (compile: 781ms, render: 201ms)
 GET /auth/login 200 in 2.7s (compile: 2.3s, render: 334ms)
 GET /auth/login 200 in 280ms (compile: 87ms, render: 193ms)
 GET /auth/register 200 in 1313ms (compile: 985ms, render: 328ms)
============================================================
📧 EMAIL VERIFICATION CODE (Development Mode - Resend Not Configured)
============================================================
To: ediz.cagan.uysal@gmail.com
Name: Student
Code: 645191
Expires in: 10 minutes
============================================================
 POST /api/send-verification-email 200 in 1636ms (compile: 1572ms, render: 64ms)
 GET / 200 in 77ms (compile: 22ms, render: 55ms)
 GET /favorites 200 in 1281ms (compile: 1055ms, render: 226ms)
 GET / 200 in 186ms (compile: 10ms, render: 176ms)
